C:\Users\drabi\Documents\GitHub\WeatherApplicationAPI\WeatherApplicationUI\app\app.component.js
C:\Users\drabi\Documents\GitHub\WeatherApplicationAPI\WeatherApplicationUI\app\app.component.js.map
C:\Users\drabi\Documents\GitHub\WeatherApplicationAPI\WeatherApplicationUI\app\Service\weather.service.js
C:\Users\drabi\Documents\GitHub\WeatherApplicationAPI\WeatherApplicationUI\app\Service\weather.service.js.map
C:\Users\drabi\Documents\GitHub\WeatherApplicationAPI\WeatherApplicationUI\app\Models\forecast-request.js
C:\Users\drabi\Documents\GitHub\WeatherApplicationAPI\WeatherApplicationUI\app\Models\forecast-request.js.map
C:\Users\drabi\Documents\GitHub\WeatherApplicationAPI\WeatherApplicationUI\app\Models\forecast-result.js
C:\Users\drabi\Documents\GitHub\WeatherApplicationAPI\WeatherApplicationUI\app\Models\forecast-result.js.map
C:\Users\drabi\Documents\GitHub\WeatherApplicationAPI\WeatherApplicationUI\app\Shared\global.js
C:\Users\drabi\Documents\GitHub\WeatherApplicationAPI\WeatherApplicationUI\app\Shared\global.js.map
C:\Users\drabi\Documents\GitHub\WeatherApplicationAPI\WeatherApplicationUI\app\components\weather-check.component.js
C:\Users\drabi\Documents\GitHub\WeatherApplicationAPI\WeatherApplicationUI\app\components\weather-check.component.js.map
C:\Users\drabi\Documents\GitHub\WeatherApplicationAPI\WeatherApplicationUI\app\app.routing.js
C:\Users\drabi\Documents\GitHub\WeatherApplicationAPI\WeatherApplicationUI\app\app.routing.js.map
C:\Users\drabi\Documents\GitHub\WeatherApplicationAPI\WeatherApplicationUI\app\app.module.js
C:\Users\drabi\Documents\GitHub\WeatherApplicationAPI\WeatherApplicationUI\app\app.module.js.map
C:\Users\drabi\Documents\GitHub\WeatherApplicationAPI\WeatherApplicationUI\app\main.js
C:\Users\drabi\Documents\GitHub\WeatherApplicationAPI\WeatherApplicationUI\app\main.js.map
C:\Users\drabi\Documents\GitHub\WeatherApplicationAPI\WeatherApplicationUI\app\Components\weather-result.component.js
C:\Users\drabi\Documents\GitHub\WeatherApplicationAPI\WeatherApplicationUI\app\Components\weather-result.component.js.map
C:\Users\drabi\Documents\GitHub\WeatherApplicationAPI\WeatherApplicationUI\app\app.component.js
C:\Users\drabi\Documents\GitHub\WeatherApplicationAPI\WeatherApplicationUI\app\app.component.js.map
C:\Users\drabi\Documents\GitHub\WeatherApplicationAPI\WeatherApplicationUI\app\Service\weather.service.js
C:\Users\drabi\Documents\GitHub\WeatherApplicationAPI\WeatherApplicationUI\app\Service\weather.service.js.map
C:\Users\drabi\Documents\GitHub\WeatherApplicationAPI\WeatherApplicationUI\app\Models\forecast-request.js
C:\Users\drabi\Documents\GitHub\WeatherApplicationAPI\WeatherApplicationUI\app\Models\forecast-request.js.map
C:\Users\drabi\Documents\GitHub\WeatherApplicationAPI\WeatherApplicationUI\app\Models\forecast-result.js
C:\Users\drabi\Documents\GitHub\WeatherApplicationAPI\WeatherApplicationUI\app\Models\forecast-result.js.map
C:\Users\drabi\Documents\GitHub\WeatherApplicationAPI\WeatherApplicationUI\app\Shared\global.js
C:\Users\drabi\Documents\GitHub\WeatherApplicationAPI\WeatherApplicationUI\app\Shared\global.js.map
C:\Users\drabi\Documents\GitHub\WeatherApplicationAPI\WeatherApplicationUI\app\components\weather-check.component.js
C:\Users\drabi\Documents\GitHub\WeatherApplicationAPI\WeatherApplicationUI\app\components\weather-check.component.js.map
C:\Users\drabi\Documents\GitHub\WeatherApplicationAPI\WeatherApplicationUI\app\app.routing.js
C:\Users\drabi\Documents\GitHub\WeatherApplicationAPI\WeatherApplicationUI\app\app.routing.js.map
C:\Users\drabi\Documents\GitHub\WeatherApplicationAPI\WeatherApplicationUI\app\app.module.js
C:\Users\drabi\Documents\GitHub\WeatherApplicationAPI\WeatherApplicationUI\app\app.module.js.map
C:\Users\drabi\Documents\GitHub\WeatherApplicationAPI\WeatherApplicationUI\app\main.js
C:\Users\drabi\Documents\GitHub\WeatherApplicationAPI\WeatherApplicationUI\app\main.js.map
C:\Users\drabi\Documents\GitHub\WeatherApplicationAPI\WeatherApplicationUI\app\Components\weather-result.component.js
C:\Users\drabi\Documents\GitHub\WeatherApplicationAPI\WeatherApplicationUI\app\Components\weather-result.component.js.map
C:\Users\drabi\Documents\GitHub\WeatherApplicationAPI\WeatherApplicationUI\app\app.component.js
C:\Users\drabi\Documents\GitHub\WeatherApplicationAPI\WeatherApplicationUI\app\app.component.js.map
C:\Users\drabi\Documents\GitHub\WeatherApplicationAPI\WeatherApplicationUI\app\Service\weather.service.js
C:\Users\drabi\Documents\GitHub\WeatherApplicationAPI\WeatherApplicationUI\app\Service\weather.service.js.map
C:\Users\drabi\Documents\GitHub\WeatherApplicationAPI\WeatherApplicationUI\app\Models\location.js
C:\Users\drabi\Documents\GitHub\WeatherApplicationAPI\WeatherApplicationUI\app\Models\location.js.map
C:\Users\drabi\Documents\GitHub\WeatherApplicationAPI\WeatherApplicationUI\app\Models\temperature.js
C:\Users\drabi\Documents\GitHub\WeatherApplicationAPI\WeatherApplicationUI\app\Models\temperature.js.map
C:\Users\drabi\Documents\GitHub\WeatherApplicationAPI\WeatherApplicationUI\app\Models\forecast-result.js
C:\Users\drabi\Documents\GitHub\WeatherApplicationAPI\WeatherApplicationUI\app\Models\forecast-result.js.map
C:\Users\drabi\Documents\GitHub\WeatherApplicationAPI\WeatherApplicationUI\app\Shared\global.js
C:\Users\drabi\Documents\GitHub\WeatherApplicationAPI\WeatherApplicationUI\app\Shared\global.js.map
C:\Users\drabi\Documents\GitHub\WeatherApplicationAPI\WeatherApplicationUI\app\components\weather-check.component.js
C:\Users\drabi\Documents\GitHub\WeatherApplicationAPI\WeatherApplicationUI\app\components\weather-check.component.js.map
C:\Users\drabi\Documents\GitHub\WeatherApplicationAPI\WeatherApplicationUI\app\app.routing.js
C:\Users\drabi\Documents\GitHub\WeatherApplicationAPI\WeatherApplicationUI\app\app.routing.js.map
C:\Users\drabi\Documents\GitHub\WeatherApplicationAPI\WeatherApplicationUI\app\app.module.js
C:\Users\drabi\Documents\GitHub\WeatherApplicationAPI\WeatherApplicationUI\app\app.module.js.map
C:\Users\drabi\Documents\GitHub\WeatherApplicationAPI\WeatherApplicationUI\app\main.js
C:\Users\drabi\Documents\GitHub\WeatherApplicationAPI\WeatherApplicationUI\app\main.js.map
C:\Users\drabi\Documents\GitHub\WeatherApplicationAPI\WeatherApplicationUI\app\Components\weather-result.component.js
C:\Users\drabi\Documents\GitHub\WeatherApplicationAPI\WeatherApplicationUI\app\Components\weather-result.component.js.map
C:\Users\drabi\Documents\GitHub\WeatherApplicationAPI\WeatherApplicationUI\app\app.component.js
C:\Users\drabi\Documents\GitHub\WeatherApplicationAPI\WeatherApplicationUI\app\app.component.js.map
C:\Users\drabi\Documents\GitHub\WeatherApplicationAPI\WeatherApplicationUI\app\Service\weather.service.js
C:\Users\drabi\Documents\GitHub\WeatherApplicationAPI\WeatherApplicationUI\app\Service\weather.service.js.map
C:\Users\drabi\Documents\GitHub\WeatherApplicationAPI\WeatherApplicationUI\app\Models\location.js
C:\Users\drabi\Documents\GitHub\WeatherApplicationAPI\WeatherApplicationUI\app\Models\location.js.map
C:\Users\drabi\Documents\GitHub\WeatherApplicationAPI\WeatherApplicationUI\app\Models\temperature.js
C:\Users\drabi\Documents\GitHub\WeatherApplicationAPI\WeatherApplicationUI\app\Models\temperature.js.map
C:\Users\drabi\Documents\GitHub\WeatherApplicationAPI\WeatherApplicationUI\app\Models\forecast-result.js
C:\Users\drabi\Documents\GitHub\WeatherApplicationAPI\WeatherApplicationUI\app\Models\forecast-result.js.map
C:\Users\drabi\Documents\GitHub\WeatherApplicationAPI\WeatherApplicationUI\app\Shared\global.js
C:\Users\drabi\Documents\GitHub\WeatherApplicationAPI\WeatherApplicationUI\app\Shared\global.js.map
C:\Users\drabi\Documents\GitHub\WeatherApplicationAPI\WeatherApplicationUI\app\components\weather-check.component.js
C:\Users\drabi\Documents\GitHub\WeatherApplicationAPI\WeatherApplicationUI\app\components\weather-check.component.js.map
C:\Users\drabi\Documents\GitHub\WeatherApplicationAPI\WeatherApplicationUI\app\app.routing.js
C:\Users\drabi\Documents\GitHub\WeatherApplicationAPI\WeatherApplicationUI\app\app.routing.js.map
C:\Users\drabi\Documents\GitHub\WeatherApplicationAPI\WeatherApplicationUI\app\app.module.js
C:\Users\drabi\Documents\GitHub\WeatherApplicationAPI\WeatherApplicationUI\app\app.module.js.map
C:\Users\drabi\Documents\GitHub\WeatherApplicationAPI\WeatherApplicationUI\app\main.js
C:\Users\drabi\Documents\GitHub\WeatherApplicationAPI\WeatherApplicationUI\app\main.js.map
C:\Users\drabi\Documents\GitHub\WeatherApplicationAPI\WeatherApplicationUI\app\Components\weather-result.component.js
C:\Users\drabi\Documents\GitHub\WeatherApplicationAPI\WeatherApplicationUI\app\Components\weather-result.component.js.map
C:\Users\drabi\Documents\GitHub\WeatherApplicationAPI\WeatherApplicationUI\app\app.component.js
C:\Users\drabi\Documents\GitHub\WeatherApplicationAPI\WeatherApplicationUI\app\app.component.js.map
C:\Users\drabi\Documents\GitHub\WeatherApplicationAPI\WeatherApplicationUI\app\Shared\global.js
C:\Users\drabi\Documents\GitHub\WeatherApplicationAPI\WeatherApplicationUI\app\Shared\global.js.map
C:\Users\drabi\Documents\GitHub\WeatherApplicationAPI\WeatherApplicationUI\app\Service\weather.service.js
C:\Users\drabi\Documents\GitHub\WeatherApplicationAPI\WeatherApplicationUI\app\Service\weather.service.js.map
C:\Users\drabi\Documents\GitHub\WeatherApplicationAPI\WeatherApplicationUI\app\Models\location.js
C:\Users\drabi\Documents\GitHub\WeatherApplicationAPI\WeatherApplicationUI\app\Models\location.js.map
C:\Users\drabi\Documents\GitHub\WeatherApplicationAPI\WeatherApplicationUI\app\Models\temperature.js
C:\Users\drabi\Documents\GitHub\WeatherApplicationAPI\WeatherApplicationUI\app\Models\temperature.js.map
C:\Users\drabi\Documents\GitHub\WeatherApplicationAPI\WeatherApplicationUI\app\Models\forecast-result.js
C:\Users\drabi\Documents\GitHub\WeatherApplicationAPI\WeatherApplicationUI\app\Models\forecast-result.js.map
C:\Users\drabi\Documents\GitHub\WeatherApplicationAPI\WeatherApplicationUI\app\components\weather-check.component.js
C:\Users\drabi\Documents\GitHub\WeatherApplicationAPI\WeatherApplicationUI\app\components\weather-check.component.js.map
C:\Users\drabi\Documents\GitHub\WeatherApplicationAPI\WeatherApplicationUI\app\app.routing.js
C:\Users\drabi\Documents\GitHub\WeatherApplicationAPI\WeatherApplicationUI\app\app.routing.js.map
C:\Users\drabi\Documents\GitHub\WeatherApplicationAPI\WeatherApplicationUI\app\app.module.js
C:\Users\drabi\Documents\GitHub\WeatherApplicationAPI\WeatherApplicationUI\app\app.module.js.map
C:\Users\drabi\Documents\GitHub\WeatherApplicationAPI\WeatherApplicationUI\app\main.js
C:\Users\drabi\Documents\GitHub\WeatherApplicationAPI\WeatherApplicationUI\app\main.js.map
C:\Users\drabi\Documents\GitHub\WeatherApplicationAPI\WeatherApplicationUI\app\Components\weather-result.component.js
C:\Users\drabi\Documents\GitHub\WeatherApplicationAPI\WeatherApplicationUI\app\Components\weather-result.component.js.map
C:\Users\drabi\Documents\GitHub\WeatherApplicationAPI\WeatherApplicationUI\app\app.component.js
C:\Users\drabi\Documents\GitHub\WeatherApplicationAPI\WeatherApplicationUI\app\app.component.js.map
C:\Users\drabi\Documents\GitHub\WeatherApplicationAPI\WeatherApplicationUI\app\Shared\global.js
C:\Users\drabi\Documents\GitHub\WeatherApplicationAPI\WeatherApplicationUI\app\Shared\global.js.map
C:\Users\drabi\Documents\GitHub\WeatherApplicationAPI\WeatherApplicationUI\app\Service\weather.service.js
C:\Users\drabi\Documents\GitHub\WeatherApplicationAPI\WeatherApplicationUI\app\Service\weather.service.js.map
C:\Users\drabi\Documents\GitHub\WeatherApplicationAPI\WeatherApplicationUI\app\Models\location.js
C:\Users\drabi\Documents\GitHub\WeatherApplicationAPI\WeatherApplicationUI\app\Models\location.js.map
C:\Users\drabi\Documents\GitHub\WeatherApplicationAPI\WeatherApplicationUI\app\Models\temperature.js
C:\Users\drabi\Documents\GitHub\WeatherApplicationAPI\WeatherApplicationUI\app\Models\temperature.js.map
C:\Users\drabi\Documents\GitHub\WeatherApplicationAPI\WeatherApplicationUI\app\Models\forecast-result.js
C:\Users\drabi\Documents\GitHub\WeatherApplicationAPI\WeatherApplicationUI\app\Models\forecast-result.js.map
C:\Users\drabi\Documents\GitHub\WeatherApplicationAPI\WeatherApplicationUI\app\components\weather-check.component.js
C:\Users\drabi\Documents\GitHub\WeatherApplicationAPI\WeatherApplicationUI\app\components\weather-check.component.js.map
C:\Users\drabi\Documents\GitHub\WeatherApplicationAPI\WeatherApplicationUI\app\app.routing.js
C:\Users\drabi\Documents\GitHub\WeatherApplicationAPI\WeatherApplicationUI\app\app.routing.js.map
C:\Users\drabi\Documents\GitHub\WeatherApplicationAPI\WeatherApplicationUI\app\app.module.js
C:\Users\drabi\Documents\GitHub\WeatherApplicationAPI\WeatherApplicationUI\app\app.module.js.map
C:\Users\drabi\Documents\GitHub\WeatherApplicationAPI\WeatherApplicationUI\app\main.js
C:\Users\drabi\Documents\GitHub\WeatherApplicationAPI\WeatherApplicationUI\app\main.js.map
C:\Users\drabi\Documents\GitHub\WeatherApplicationAPI\WeatherApplicationUI\app\Components\weather-result.component.js
C:\Users\drabi\Documents\GitHub\WeatherApplicationAPI\WeatherApplicationUI\app\Components\weather-result.component.js.map
C:\Users\drabi\Documents\GitHub\WeatherApplicationAPI\WeatherApplicationUI\app\app.component.js
C:\Users\drabi\Documents\GitHub\WeatherApplicationAPI\WeatherApplicationUI\app\app.component.js.map
C:\Users\drabi\Documents\GitHub\WeatherApplicationAPI\WeatherApplicationUI\app\Shared\global.js
C:\Users\drabi\Documents\GitHub\WeatherApplicationAPI\WeatherApplicationUI\app\Shared\global.js.map
C:\Users\drabi\Documents\GitHub\WeatherApplicationAPI\WeatherApplicationUI\app\Service\weather.service.js
C:\Users\drabi\Documents\GitHub\WeatherApplicationAPI\WeatherApplicationUI\app\Service\weather.service.js.map
C:\Users\drabi\Documents\GitHub\WeatherApplicationAPI\WeatherApplicationUI\app\Models\location.js
C:\Users\drabi\Documents\GitHub\WeatherApplicationAPI\WeatherApplicationUI\app\Models\location.js.map
C:\Users\drabi\Documents\GitHub\WeatherApplicationAPI\WeatherApplicationUI\app\Models\temperature.js
C:\Users\drabi\Documents\GitHub\WeatherApplicationAPI\WeatherApplicationUI\app\Models\temperature.js.map
C:\Users\drabi\Documents\GitHub\WeatherApplicationAPI\WeatherApplicationUI\app\Models\forecast-result.js
C:\Users\drabi\Documents\GitHub\WeatherApplicationAPI\WeatherApplicationUI\app\Models\forecast-result.js.map
C:\Users\drabi\Documents\GitHub\WeatherApplicationAPI\WeatherApplicationUI\app\components\weather-check.component.js
C:\Users\drabi\Documents\GitHub\WeatherApplicationAPI\WeatherApplicationUI\app\components\weather-check.component.js.map
C:\Users\drabi\Documents\GitHub\WeatherApplicationAPI\WeatherApplicationUI\app\app.routing.js
C:\Users\drabi\Documents\GitHub\WeatherApplicationAPI\WeatherApplicationUI\app\app.routing.js.map
C:\Users\drabi\Documents\GitHub\WeatherApplicationAPI\WeatherApplicationUI\app\app.module.js
C:\Users\drabi\Documents\GitHub\WeatherApplicationAPI\WeatherApplicationUI\app\app.module.js.map
C:\Users\drabi\Documents\GitHub\WeatherApplicationAPI\WeatherApplicationUI\app\main.js
C:\Users\drabi\Documents\GitHub\WeatherApplicationAPI\WeatherApplicationUI\app\main.js.map
C:\Users\drabi\Documents\GitHub\WeatherApplicationAPI\WeatherApplicationUI\app\Components\weather-result.component.js
C:\Users\drabi\Documents\GitHub\WeatherApplicationAPI\WeatherApplicationUI\app\Components\weather-result.component.js.map
C:\Users\drabi\Documents\GitHub\WeatherApplicationAPI\WeatherApplicationUI\app\app.component.js
C:\Users\drabi\Documents\GitHub\WeatherApplicationAPI\WeatherApplicationUI\app\app.component.js.map
C:\Users\drabi\Documents\GitHub\WeatherApplicationAPI\WeatherApplicationUI\app\Shared\global.js
C:\Users\drabi\Documents\GitHub\WeatherApplicationAPI\WeatherApplicationUI\app\Shared\global.js.map
C:\Users\drabi\Documents\GitHub\WeatherApplicationAPI\WeatherApplicationUI\app\Service\weather.service.js
C:\Users\drabi\Documents\GitHub\WeatherApplicationAPI\WeatherApplicationUI\app\Service\weather.service.js.map
C:\Users\drabi\Documents\GitHub\WeatherApplicationAPI\WeatherApplicationUI\app\Models\location.js
C:\Users\drabi\Documents\GitHub\WeatherApplicationAPI\WeatherApplicationUI\app\Models\location.js.map
C:\Users\drabi\Documents\GitHub\WeatherApplicationAPI\WeatherApplicationUI\app\Models\temperature.js
C:\Users\drabi\Documents\GitHub\WeatherApplicationAPI\WeatherApplicationUI\app\Models\temperature.js.map
C:\Users\drabi\Documents\GitHub\WeatherApplicationAPI\WeatherApplicationUI\app\Models\forecast-result.js
C:\Users\drabi\Documents\GitHub\WeatherApplicationAPI\WeatherApplicationUI\app\Models\forecast-result.js.map
C:\Users\drabi\Documents\GitHub\WeatherApplicationAPI\WeatherApplicationUI\app\components\weather-check.component.js
C:\Users\drabi\Documents\GitHub\WeatherApplicationAPI\WeatherApplicationUI\app\components\weather-check.component.js.map
C:\Users\drabi\Documents\GitHub\WeatherApplicationAPI\WeatherApplicationUI\app\app.routing.js
C:\Users\drabi\Documents\GitHub\WeatherApplicationAPI\WeatherApplicationUI\app\app.routing.js.map
C:\Users\drabi\Documents\GitHub\WeatherApplicationAPI\WeatherApplicationUI\app\app.module.js
C:\Users\drabi\Documents\GitHub\WeatherApplicationAPI\WeatherApplicationUI\app\app.module.js.map
C:\Users\drabi\Documents\GitHub\WeatherApplicationAPI\WeatherApplicationUI\app\main.js
C:\Users\drabi\Documents\GitHub\WeatherApplicationAPI\WeatherApplicationUI\app\main.js.map
C:\Users\drabi\Documents\GitHub\WeatherApplicationAPI\WeatherApplicationUI\app\Components\weather-result.component.js
C:\Users\drabi\Documents\GitHub\WeatherApplicationAPI\WeatherApplicationUI\app\Components\weather-result.component.js.map
C:\Users\drabi\Documents\GitHub\WeatherApplicationAPI\WeatherApplicationUI\app\app.component.js
C:\Users\drabi\Documents\GitHub\WeatherApplicationAPI\WeatherApplicationUI\app\app.component.js.map
C:\Users\drabi\Documents\GitHub\WeatherApplicationAPI\WeatherApplicationUI\app\Shared\global.js
C:\Users\drabi\Documents\GitHub\WeatherApplicationAPI\WeatherApplicationUI\app\Shared\global.js.map
C:\Users\drabi\Documents\GitHub\WeatherApplicationAPI\WeatherApplicationUI\app\Service\weather.service.js
C:\Users\drabi\Documents\GitHub\WeatherApplicationAPI\WeatherApplicationUI\app\Service\weather.service.js.map
C:\Users\drabi\Documents\GitHub\WeatherApplicationAPI\WeatherApplicationUI\app\Models\location.js
C:\Users\drabi\Documents\GitHub\WeatherApplicationAPI\WeatherApplicationUI\app\Models\location.js.map
C:\Users\drabi\Documents\GitHub\WeatherApplicationAPI\WeatherApplicationUI\app\Models\temperature.js
C:\Users\drabi\Documents\GitHub\WeatherApplicationAPI\WeatherApplicationUI\app\Models\temperature.js.map
C:\Users\drabi\Documents\GitHub\WeatherApplicationAPI\WeatherApplicationUI\app\Models\forecast-result.js
C:\Users\drabi\Documents\GitHub\WeatherApplicationAPI\WeatherApplicationUI\app\Models\forecast-result.js.map
C:\Users\drabi\Documents\GitHub\WeatherApplicationAPI\WeatherApplicationUI\app\components\weather-check.component.js
C:\Users\drabi\Documents\GitHub\WeatherApplicationAPI\WeatherApplicationUI\app\components\weather-check.component.js.map
C:\Users\drabi\Documents\GitHub\WeatherApplicationAPI\WeatherApplicationUI\app\app.routing.js
C:\Users\drabi\Documents\GitHub\WeatherApplicationAPI\WeatherApplicationUI\app\app.routing.js.map
C:\Users\drabi\Documents\GitHub\WeatherApplicationAPI\WeatherApplicationUI\app\app.module.js
C:\Users\drabi\Documents\GitHub\WeatherApplicationAPI\WeatherApplicationUI\app\app.module.js.map
C:\Users\drabi\Documents\GitHub\WeatherApplicationAPI\WeatherApplicationUI\app\main.js
C:\Users\drabi\Documents\GitHub\WeatherApplicationAPI\WeatherApplicationUI\app\main.js.map
C:\Users\drabi\Documents\GitHub\WeatherApplicationAPI\WeatherApplicationUI\app\Components\weather-result.component.js
C:\Users\drabi\Documents\GitHub\WeatherApplicationAPI\WeatherApplicationUI\app\Components\weather-result.component.js.map
C:\Users\drabi\Documents\GitHub\WeatherApplicationAPI\WeatherApplicationUI\app\app.component.js
C:\Users\drabi\Documents\GitHub\WeatherApplicationAPI\WeatherApplicationUI\app\app.component.js.map
C:\Users\drabi\Documents\GitHub\WeatherApplicationAPI\WeatherApplicationUI\app\Shared\global.js
C:\Users\drabi\Documents\GitHub\WeatherApplicationAPI\WeatherApplicationUI\app\Shared\global.js.map
C:\Users\drabi\Documents\GitHub\WeatherApplicationAPI\WeatherApplicationUI\app\Service\weather.service.js
C:\Users\drabi\Documents\GitHub\WeatherApplicationAPI\WeatherApplicationUI\app\Service\weather.service.js.map
C:\Users\drabi\Documents\GitHub\WeatherApplicationAPI\WeatherApplicationUI\app\Models\location.js
C:\Users\drabi\Documents\GitHub\WeatherApplicationAPI\WeatherApplicationUI\app\Models\location.js.map
C:\Users\drabi\Documents\GitHub\WeatherApplicationAPI\WeatherApplicationUI\app\Models\temperature.js
C:\Users\drabi\Documents\GitHub\WeatherApplicationAPI\WeatherApplicationUI\app\Models\temperature.js.map
C:\Users\drabi\Documents\GitHub\WeatherApplicationAPI\WeatherApplicationUI\app\Models\forecast-result.js
C:\Users\drabi\Documents\GitHub\WeatherApplicationAPI\WeatherApplicationUI\app\Models\forecast-result.js.map
C:\Users\drabi\Documents\GitHub\WeatherApplicationAPI\WeatherApplicationUI\app\components\weather-check.component.js
C:\Users\drabi\Documents\GitHub\WeatherApplicationAPI\WeatherApplicationUI\app\components\weather-check.component.js.map
C:\Users\drabi\Documents\GitHub\WeatherApplicationAPI\WeatherApplicationUI\app\app.routing.js
C:\Users\drabi\Documents\GitHub\WeatherApplicationAPI\WeatherApplicationUI\app\app.routing.js.map
C:\Users\drabi\Documents\GitHub\WeatherApplicationAPI\WeatherApplicationUI\app\app.module.js
C:\Users\drabi\Documents\GitHub\WeatherApplicationAPI\WeatherApplicationUI\app\app.module.js.map
C:\Users\drabi\Documents\GitHub\WeatherApplicationAPI\WeatherApplicationUI\app\main.js
C:\Users\drabi\Documents\GitHub\WeatherApplicationAPI\WeatherApplicationUI\app\main.js.map
C:\Users\drabi\Documents\GitHub\WeatherApplicationAPI\WeatherApplicationUI\app\Components\weather-result.component.js
C:\Users\drabi\Documents\GitHub\WeatherApplicationAPI\WeatherApplicationUI\app\Components\weather-result.component.js.map
C:\Users\drabi\Documents\GitHub\WeatherApplicationAPI\WeatherApplicationUI\app\app.component.js
C:\Users\drabi\Documents\GitHub\WeatherApplicationAPI\WeatherApplicationUI\app\app.component.js.map
C:\Users\drabi\Documents\GitHub\WeatherApplicationAPI\WeatherApplicationUI\app\Shared\global.js
C:\Users\drabi\Documents\GitHub\WeatherApplicationAPI\WeatherApplicationUI\app\Shared\global.js.map
C:\Users\drabi\Documents\GitHub\WeatherApplicationAPI\WeatherApplicationUI\app\Service\weather.service.js
C:\Users\drabi\Documents\GitHub\WeatherApplicationAPI\WeatherApplicationUI\app\Service\weather.service.js.map
C:\Users\drabi\Documents\GitHub\WeatherApplicationAPI\WeatherApplicationUI\app\Models\location.js
C:\Users\drabi\Documents\GitHub\WeatherApplicationAPI\WeatherApplicationUI\app\Models\location.js.map
C:\Users\drabi\Documents\GitHub\WeatherApplicationAPI\WeatherApplicationUI\app\Models\temperature.js
C:\Users\drabi\Documents\GitHub\WeatherApplicationAPI\WeatherApplicationUI\app\Models\temperature.js.map
C:\Users\drabi\Documents\GitHub\WeatherApplicationAPI\WeatherApplicationUI\app\Models\forecast-result.js
C:\Users\drabi\Documents\GitHub\WeatherApplicationAPI\WeatherApplicationUI\app\Models\forecast-result.js.map
C:\Users\drabi\Documents\GitHub\WeatherApplicationAPI\WeatherApplicationUI\app\components\weather-check.component.js
C:\Users\drabi\Documents\GitHub\WeatherApplicationAPI\WeatherApplicationUI\app\components\weather-check.component.js.map
C:\Users\drabi\Documents\GitHub\WeatherApplicationAPI\WeatherApplicationUI\app\app.routing.js
C:\Users\drabi\Documents\GitHub\WeatherApplicationAPI\WeatherApplicationUI\app\app.routing.js.map
C:\Users\drabi\Documents\GitHub\WeatherApplicationAPI\WeatherApplicationUI\app\app.module.js
C:\Users\drabi\Documents\GitHub\WeatherApplicationAPI\WeatherApplicationUI\app\app.module.js.map
C:\Users\drabi\Documents\GitHub\WeatherApplicationAPI\WeatherApplicationUI\app\main.js
C:\Users\drabi\Documents\GitHub\WeatherApplicationAPI\WeatherApplicationUI\app\main.js.map
C:\Users\drabi\Documents\GitHub\WeatherApplicationAPI\WeatherApplicationUI\app\Components\weather-result.component.js
C:\Users\drabi\Documents\GitHub\WeatherApplicationAPI\WeatherApplicationUI\app\Components\weather-result.component.js.map
C:\Users\drabi\Documents\GitHub\WeatherApplicationAPI\WeatherApplicationUI\app\app.component.js
C:\Users\drabi\Documents\GitHub\WeatherApplicationAPI\WeatherApplicationUI\app\app.component.js.map
C:\Users\drabi\Documents\GitHub\WeatherApplicationAPI\WeatherApplicationUI\app\Shared\global.js
C:\Users\drabi\Documents\GitHub\WeatherApplicationAPI\WeatherApplicationUI\app\Shared\global.js.map
C:\Users\drabi\Documents\GitHub\WeatherApplicationAPI\WeatherApplicationUI\app\Service\weather.service.js
C:\Users\drabi\Documents\GitHub\WeatherApplicationAPI\WeatherApplicationUI\app\Service\weather.service.js.map
C:\Users\drabi\Documents\GitHub\WeatherApplicationAPI\WeatherApplicationUI\app\Models\location.js
C:\Users\drabi\Documents\GitHub\WeatherApplicationAPI\WeatherApplicationUI\app\Models\location.js.map
C:\Users\drabi\Documents\GitHub\WeatherApplicationAPI\WeatherApplicationUI\app\Models\temperature.js
C:\Users\drabi\Documents\GitHub\WeatherApplicationAPI\WeatherApplicationUI\app\Models\temperature.js.map
C:\Users\drabi\Documents\GitHub\WeatherApplicationAPI\WeatherApplicationUI\app\Models\forecast-result.js
C:\Users\drabi\Documents\GitHub\WeatherApplicationAPI\WeatherApplicationUI\app\Models\forecast-result.js.map
C:\Users\drabi\Documents\GitHub\WeatherApplicationAPI\WeatherApplicationUI\app\components\weather-check.component.js
C:\Users\drabi\Documents\GitHub\WeatherApplicationAPI\WeatherApplicationUI\app\components\weather-check.component.js.map
C:\Users\drabi\Documents\GitHub\WeatherApplicationAPI\WeatherApplicationUI\app\app.routing.js
C:\Users\drabi\Documents\GitHub\WeatherApplicationAPI\WeatherApplicationUI\app\app.routing.js.map
C:\Users\drabi\Documents\GitHub\WeatherApplicationAPI\WeatherApplicationUI\app\app.module.js
C:\Users\drabi\Documents\GitHub\WeatherApplicationAPI\WeatherApplicationUI\app\app.module.js.map
C:\Users\drabi\Documents\GitHub\WeatherApplicationAPI\WeatherApplicationUI\app\main.js
C:\Users\drabi\Documents\GitHub\WeatherApplicationAPI\WeatherApplicationUI\app\main.js.map
C:\Users\drabi\Documents\GitHub\WeatherApplicationAPI\WeatherApplicationUI\app\Components\weather-result.component.js
C:\Users\drabi\Documents\GitHub\WeatherApplicationAPI\WeatherApplicationUI\app\Components\weather-result.component.js.map
C:\Users\drabi\Documents\GitHub\WeatherApplicationAPI\WeatherApplicationUI\app\app.component.js
C:\Users\drabi\Documents\GitHub\WeatherApplicationAPI\WeatherApplicationUI\app\app.component.js.map
C:\Users\drabi\Documents\GitHub\WeatherApplicationAPI\WeatherApplicationUI\app\Shared\global.js
C:\Users\drabi\Documents\GitHub\WeatherApplicationAPI\WeatherApplicationUI\app\Shared\global.js.map
C:\Users\drabi\Documents\GitHub\WeatherApplicationAPI\WeatherApplicationUI\app\Service\weather.service.js
C:\Users\drabi\Documents\GitHub\WeatherApplicationAPI\WeatherApplicationUI\app\Service\weather.service.js.map
C:\Users\drabi\Documents\GitHub\WeatherApplicationAPI\WeatherApplicationUI\app\Models\location.js
C:\Users\drabi\Documents\GitHub\WeatherApplicationAPI\WeatherApplicationUI\app\Models\location.js.map
C:\Users\drabi\Documents\GitHub\WeatherApplicationAPI\WeatherApplicationUI\app\Models\temperature.js
C:\Users\drabi\Documents\GitHub\WeatherApplicationAPI\WeatherApplicationUI\app\Models\temperature.js.map
C:\Users\drabi\Documents\GitHub\WeatherApplicationAPI\WeatherApplicationUI\app\Models\forecast-result.js
C:\Users\drabi\Documents\GitHub\WeatherApplicationAPI\WeatherApplicationUI\app\Models\forecast-result.js.map
C:\Users\drabi\Documents\GitHub\WeatherApplicationAPI\WeatherApplicationUI\app\Components\weather-check.component.js
C:\Users\drabi\Documents\GitHub\WeatherApplicationAPI\WeatherApplicationUI\app\Components\weather-check.component.js.map
C:\Users\drabi\Documents\GitHub\WeatherApplicationAPI\WeatherApplicationUI\app\Components\weather-result.component.js
C:\Users\drabi\Documents\GitHub\WeatherApplicationAPI\WeatherApplicationUI\app\Components\weather-result.component.js.map
C:\Users\drabi\Documents\GitHub\WeatherApplicationAPI\WeatherApplicationUI\app\app.routing.js
C:\Users\drabi\Documents\GitHub\WeatherApplicationAPI\WeatherApplicationUI\app\app.routing.js.map
C:\Users\drabi\Documents\GitHub\WeatherApplicationAPI\WeatherApplicationUI\app\app.module.js
C:\Users\drabi\Documents\GitHub\WeatherApplicationAPI\WeatherApplicationUI\app\app.module.js.map
C:\Users\drabi\Documents\GitHub\WeatherApplicationAPI\WeatherApplicationUI\app\main.js
C:\Users\drabi\Documents\GitHub\WeatherApplicationAPI\WeatherApplicationUI\app\main.js.map
C:\Users\drabi\Documents\GitHub\WeatherApplicationAPI\WeatherApplicationUI\app\app.component.js
C:\Users\drabi\Documents\GitHub\WeatherApplicationAPI\WeatherApplicationUI\app\app.component.js.map
C:\Users\drabi\Documents\GitHub\WeatherApplicationAPI\WeatherApplicationUI\app\Shared\global.js
C:\Users\drabi\Documents\GitHub\WeatherApplicationAPI\WeatherApplicationUI\app\Shared\global.js.map
C:\Users\drabi\Documents\GitHub\WeatherApplicationAPI\WeatherApplicationUI\app\Service\weather.service.js
C:\Users\drabi\Documents\GitHub\WeatherApplicationAPI\WeatherApplicationUI\app\Service\weather.service.js.map
C:\Users\drabi\Documents\GitHub\WeatherApplicationAPI\WeatherApplicationUI\app\Models\location.js
C:\Users\drabi\Documents\GitHub\WeatherApplicationAPI\WeatherApplicationUI\app\Models\location.js.map
C:\Users\drabi\Documents\GitHub\WeatherApplicationAPI\WeatherApplicationUI\app\Models\temperature.js
C:\Users\drabi\Documents\GitHub\WeatherApplicationAPI\WeatherApplicationUI\app\Models\temperature.js.map
C:\Users\drabi\Documents\GitHub\WeatherApplicationAPI\WeatherApplicationUI\app\Models\forecast-result.js
C:\Users\drabi\Documents\GitHub\WeatherApplicationAPI\WeatherApplicationUI\app\Models\forecast-result.js.map
C:\Users\drabi\Documents\GitHub\WeatherApplicationAPI\WeatherApplicationUI\app\Components\weather-check.component.js
C:\Users\drabi\Documents\GitHub\WeatherApplicationAPI\WeatherApplicationUI\app\Components\weather-check.component.js.map
C:\Users\drabi\Documents\GitHub\WeatherApplicationAPI\WeatherApplicationUI\app\Components\weather-result.component.js
C:\Users\drabi\Documents\GitHub\WeatherApplicationAPI\WeatherApplicationUI\app\Components\weather-result.component.js.map
C:\Users\drabi\Documents\GitHub\WeatherApplicationAPI\WeatherApplicationUI\app\app.routing.js
C:\Users\drabi\Documents\GitHub\WeatherApplicationAPI\WeatherApplicationUI\app\app.routing.js.map
C:\Users\drabi\Documents\GitHub\WeatherApplicationAPI\WeatherApplicationUI\app\app.module.js
C:\Users\drabi\Documents\GitHub\WeatherApplicationAPI\WeatherApplicationUI\app\app.module.js.map
C:\Users\drabi\Documents\GitHub\WeatherApplicationAPI\WeatherApplicationUI\app\main.js
C:\Users\drabi\Documents\GitHub\WeatherApplicationAPI\WeatherApplicationUI\app\main.js.map
C:\Users\drabi\Documents\GitHub\WeatherApplicationAPI\WeatherApplicationUI\app\app.component.js
C:\Users\drabi\Documents\GitHub\WeatherApplicationAPI\WeatherApplicationUI\app\app.component.js.map
C:\Users\drabi\Documents\GitHub\WeatherApplicationAPI\WeatherApplicationUI\app\Shared\global.js
C:\Users\drabi\Documents\GitHub\WeatherApplicationAPI\WeatherApplicationUI\app\Shared\global.js.map
C:\Users\drabi\Documents\GitHub\WeatherApplicationAPI\WeatherApplicationUI\app\Service\weather.service.js
C:\Users\drabi\Documents\GitHub\WeatherApplicationAPI\WeatherApplicationUI\app\Service\weather.service.js.map
C:\Users\drabi\Documents\GitHub\WeatherApplicationAPI\WeatherApplicationUI\app\Models\location.js
C:\Users\drabi\Documents\GitHub\WeatherApplicationAPI\WeatherApplicationUI\app\Models\location.js.map
C:\Users\drabi\Documents\GitHub\WeatherApplicationAPI\WeatherApplicationUI\app\Models\temperature.js
C:\Users\drabi\Documents\GitHub\WeatherApplicationAPI\WeatherApplicationUI\app\Models\temperature.js.map
C:\Users\drabi\Documents\GitHub\WeatherApplicationAPI\WeatherApplicationUI\app\Models\forecast-result.js
C:\Users\drabi\Documents\GitHub\WeatherApplicationAPI\WeatherApplicationUI\app\Models\forecast-result.js.map
C:\Users\drabi\Documents\GitHub\WeatherApplicationAPI\WeatherApplicationUI\app\Components\weather-check.component.js
C:\Users\drabi\Documents\GitHub\WeatherApplicationAPI\WeatherApplicationUI\app\Components\weather-check.component.js.map
C:\Users\drabi\Documents\GitHub\WeatherApplicationAPI\WeatherApplicationUI\app\Components\weather-result.component.js
C:\Users\drabi\Documents\GitHub\WeatherApplicationAPI\WeatherApplicationUI\app\Components\weather-result.component.js.map
C:\Users\drabi\Documents\GitHub\WeatherApplicationAPI\WeatherApplicationUI\app\app.routing.js
C:\Users\drabi\Documents\GitHub\WeatherApplicationAPI\WeatherApplicationUI\app\app.routing.js.map
C:\Users\drabi\Documents\GitHub\WeatherApplicationAPI\WeatherApplicationUI\app\app.module.js
C:\Users\drabi\Documents\GitHub\WeatherApplicationAPI\WeatherApplicationUI\app\app.module.js.map
C:\Users\drabi\Documents\GitHub\WeatherApplicationAPI\WeatherApplicationUI\app\main.js
C:\Users\drabi\Documents\GitHub\WeatherApplicationAPI\WeatherApplicationUI\app\main.js.map
C:\Users\drabi\Documents\GitHub\WeatherApplicationAPI\WeatherApplicationUI\app\app.component.js
C:\Users\drabi\Documents\GitHub\WeatherApplicationAPI\WeatherApplicationUI\app\app.component.js.map
C:\Users\drabi\Documents\GitHub\WeatherApplicationAPI\WeatherApplicationUI\app\Shared\global.js
C:\Users\drabi\Documents\GitHub\WeatherApplicationAPI\WeatherApplicationUI\app\Shared\global.js.map
C:\Users\drabi\Documents\GitHub\WeatherApplicationAPI\WeatherApplicationUI\app\Service\weather.service.js
C:\Users\drabi\Documents\GitHub\WeatherApplicationAPI\WeatherApplicationUI\app\Service\weather.service.js.map
C:\Users\drabi\Documents\GitHub\WeatherApplicationAPI\WeatherApplicationUI\app\Models\location.js
C:\Users\drabi\Documents\GitHub\WeatherApplicationAPI\WeatherApplicationUI\app\Models\location.js.map
C:\Users\drabi\Documents\GitHub\WeatherApplicationAPI\WeatherApplicationUI\app\Models\temperature.js
C:\Users\drabi\Documents\GitHub\WeatherApplicationAPI\WeatherApplicationUI\app\Models\temperature.js.map
C:\Users\drabi\Documents\GitHub\WeatherApplicationAPI\WeatherApplicationUI\app\Models\forecast-result.js
C:\Users\drabi\Documents\GitHub\WeatherApplicationAPI\WeatherApplicationUI\app\Models\forecast-result.js.map
C:\Users\drabi\Documents\GitHub\WeatherApplicationAPI\WeatherApplicationUI\app\components\weather-check.component.js
C:\Users\drabi\Documents\GitHub\WeatherApplicationAPI\WeatherApplicationUI\app\components\weather-check.component.js.map
C:\Users\drabi\Documents\GitHub\WeatherApplicationAPI\WeatherApplicationUI\app\components\weather-result.component.js
C:\Users\drabi\Documents\GitHub\WeatherApplicationAPI\WeatherApplicationUI\app\components\weather-result.component.js.map
C:\Users\drabi\Documents\GitHub\WeatherApplicationAPI\WeatherApplicationUI\app\app.routing.js
C:\Users\drabi\Documents\GitHub\WeatherApplicationAPI\WeatherApplicationUI\app\app.routing.js.map
C:\Users\drabi\Documents\GitHub\WeatherApplicationAPI\WeatherApplicationUI\app\app.module.js
C:\Users\drabi\Documents\GitHub\WeatherApplicationAPI\WeatherApplicationUI\app\app.module.js.map
C:\Users\drabi\Documents\GitHub\WeatherApplicationAPI\WeatherApplicationUI\app\main.js
C:\Users\drabi\Documents\GitHub\WeatherApplicationAPI\WeatherApplicationUI\app\main.js.map
C:\Users\drabi\Documents\GitHub\WeatherApplicationAPI\WeatherApplicationUI\app\app.component.js
C:\Users\drabi\Documents\GitHub\WeatherApplicationAPI\WeatherApplicationUI\app\app.component.js.map
C:\Users\drabi\Documents\GitHub\WeatherApplicationAPI\WeatherApplicationUI\app\Shared\global.js
C:\Users\drabi\Documents\GitHub\WeatherApplicationAPI\WeatherApplicationUI\app\Shared\global.js.map
C:\Users\drabi\Documents\GitHub\WeatherApplicationAPI\WeatherApplicationUI\app\Service\weather.service.js
C:\Users\drabi\Documents\GitHub\WeatherApplicationAPI\WeatherApplicationUI\app\Service\weather.service.js.map
C:\Users\drabi\Documents\GitHub\WeatherApplicationAPI\WeatherApplicationUI\app\Models\location.js
C:\Users\drabi\Documents\GitHub\WeatherApplicationAPI\WeatherApplicationUI\app\Models\location.js.map
C:\Users\drabi\Documents\GitHub\WeatherApplicationAPI\WeatherApplicationUI\app\Models\temperature.js
C:\Users\drabi\Documents\GitHub\WeatherApplicationAPI\WeatherApplicationUI\app\Models\temperature.js.map
C:\Users\drabi\Documents\GitHub\WeatherApplicationAPI\WeatherApplicationUI\app\Models\forecast-result.js
C:\Users\drabi\Documents\GitHub\WeatherApplicationAPI\WeatherApplicationUI\app\Models\forecast-result.js.map
C:\Users\drabi\Documents\GitHub\WeatherApplicationAPI\WeatherApplicationUI\app\components\weather-check.component.js
C:\Users\drabi\Documents\GitHub\WeatherApplicationAPI\WeatherApplicationUI\app\components\weather-check.component.js.map
C:\Users\drabi\Documents\GitHub\WeatherApplicationAPI\WeatherApplicationUI\app\components\weather-result.component.js
C:\Users\drabi\Documents\GitHub\WeatherApplicationAPI\WeatherApplicationUI\app\components\weather-result.component.js.map
C:\Users\drabi\Documents\GitHub\WeatherApplicationAPI\WeatherApplicationUI\app\app.routing.js
C:\Users\drabi\Documents\GitHub\WeatherApplicationAPI\WeatherApplicationUI\app\app.routing.js.map
C:\Users\drabi\Documents\GitHub\WeatherApplicationAPI\WeatherApplicationUI\app\app.module.js
C:\Users\drabi\Documents\GitHub\WeatherApplicationAPI\WeatherApplicationUI\app\app.module.js.map
C:\Users\drabi\Documents\GitHub\WeatherApplicationAPI\WeatherApplicationUI\app\main.js
C:\Users\drabi\Documents\GitHub\WeatherApplicationAPI\WeatherApplicationUI\app\main.js.map
C:\Users\drabi\Documents\GitHub\WeatherApplicationAPI\WeatherApplicationUI\app\app.component.js
C:\Users\drabi\Documents\GitHub\WeatherApplicationAPI\WeatherApplicationUI\app\app.component.js.map
C:\Users\drabi\Documents\GitHub\WeatherApplicationAPI\WeatherApplicationUI\app\Shared\global.js
C:\Users\drabi\Documents\GitHub\WeatherApplicationAPI\WeatherApplicationUI\app\Shared\global.js.map
C:\Users\drabi\Documents\GitHub\WeatherApplicationAPI\WeatherApplicationUI\app\Service\weather.service.js
C:\Users\drabi\Documents\GitHub\WeatherApplicationAPI\WeatherApplicationUI\app\Service\weather.service.js.map
C:\Users\drabi\Documents\GitHub\WeatherApplicationAPI\WeatherApplicationUI\app\Models\location.js
C:\Users\drabi\Documents\GitHub\WeatherApplicationAPI\WeatherApplicationUI\app\Models\location.js.map
C:\Users\drabi\Documents\GitHub\WeatherApplicationAPI\WeatherApplicationUI\app\Models\temperature.js
C:\Users\drabi\Documents\GitHub\WeatherApplicationAPI\WeatherApplicationUI\app\Models\temperature.js.map
C:\Users\drabi\Documents\GitHub\WeatherApplicationAPI\WeatherApplicationUI\app\Models\forecast-result.js
C:\Users\drabi\Documents\GitHub\WeatherApplicationAPI\WeatherApplicationUI\app\Models\forecast-result.js.map
C:\Users\drabi\Documents\GitHub\WeatherApplicationAPI\WeatherApplicationUI\app\components\weather-check.component.js
C:\Users\drabi\Documents\GitHub\WeatherApplicationAPI\WeatherApplicationUI\app\components\weather-check.component.js.map
C:\Users\drabi\Documents\GitHub\WeatherApplicationAPI\WeatherApplicationUI\app\components\weather-result.component.js
C:\Users\drabi\Documents\GitHub\WeatherApplicationAPI\WeatherApplicationUI\app\components\weather-result.component.js.map
C:\Users\drabi\Documents\GitHub\WeatherApplicationAPI\WeatherApplicationUI\app\app.routing.js
C:\Users\drabi\Documents\GitHub\WeatherApplicationAPI\WeatherApplicationUI\app\app.routing.js.map
C:\Users\drabi\Documents\GitHub\WeatherApplicationAPI\WeatherApplicationUI\app\app.module.js
C:\Users\drabi\Documents\GitHub\WeatherApplicationAPI\WeatherApplicationUI\app\app.module.js.map
C:\Users\drabi\Documents\GitHub\WeatherApplicationAPI\WeatherApplicationUI\app\main.js
C:\Users\drabi\Documents\GitHub\WeatherApplicationAPI\WeatherApplicationUI\app\main.js.map
C:\Users\drabi\Documents\GitHub\WeatherApplicationAPI\WeatherApplicationUI\app\app.component.js
C:\Users\drabi\Documents\GitHub\WeatherApplicationAPI\WeatherApplicationUI\app\app.component.js.map
C:\Users\drabi\Documents\GitHub\WeatherApplicationAPI\WeatherApplicationUI\app\Shared\global.js
C:\Users\drabi\Documents\GitHub\WeatherApplicationAPI\WeatherApplicationUI\app\Shared\global.js.map
C:\Users\drabi\Documents\GitHub\WeatherApplicationAPI\WeatherApplicationUI\app\Service\weather.service.js
C:\Users\drabi\Documents\GitHub\WeatherApplicationAPI\WeatherApplicationUI\app\Service\weather.service.js.map
C:\Users\drabi\Documents\GitHub\WeatherApplicationAPI\WeatherApplicationUI\app\Models\location.js
C:\Users\drabi\Documents\GitHub\WeatherApplicationAPI\WeatherApplicationUI\app\Models\location.js.map
C:\Users\drabi\Documents\GitHub\WeatherApplicationAPI\WeatherApplicationUI\app\Models\temperature.js
C:\Users\drabi\Documents\GitHub\WeatherApplicationAPI\WeatherApplicationUI\app\Models\temperature.js.map
C:\Users\drabi\Documents\GitHub\WeatherApplicationAPI\WeatherApplicationUI\app\Models\forecast-result.js
C:\Users\drabi\Documents\GitHub\WeatherApplicationAPI\WeatherApplicationUI\app\Models\forecast-result.js.map
C:\Users\drabi\Documents\GitHub\WeatherApplicationAPI\WeatherApplicationUI\app\components\weather-check.component.js
C:\Users\drabi\Documents\GitHub\WeatherApplicationAPI\WeatherApplicationUI\app\components\weather-check.component.js.map
C:\Users\drabi\Documents\GitHub\WeatherApplicationAPI\WeatherApplicationUI\app\components\weather-result.component.js
C:\Users\drabi\Documents\GitHub\WeatherApplicationAPI\WeatherApplicationUI\app\components\weather-result.component.js.map
C:\Users\drabi\Documents\GitHub\WeatherApplicationAPI\WeatherApplicationUI\app\app.routing.js
C:\Users\drabi\Documents\GitHub\WeatherApplicationAPI\WeatherApplicationUI\app\app.routing.js.map
C:\Users\drabi\Documents\GitHub\WeatherApplicationAPI\WeatherApplicationUI\app\app.module.js
C:\Users\drabi\Documents\GitHub\WeatherApplicationAPI\WeatherApplicationUI\app\app.module.js.map
C:\Users\drabi\Documents\GitHub\WeatherApplicationAPI\WeatherApplicationUI\app\main.js
C:\Users\drabi\Documents\GitHub\WeatherApplicationAPI\WeatherApplicationUI\app\main.js.map
C:\Users\drabi\Documents\GitHub\WeatherApplicationAPI\WeatherApplicationUI\app\app.component.js
C:\Users\drabi\Documents\GitHub\WeatherApplicationAPI\WeatherApplicationUI\app\app.component.js.map
C:\Users\drabi\Documents\GitHub\WeatherApplicationAPI\WeatherApplicationUI\app\Shared\global.js
C:\Users\drabi\Documents\GitHub\WeatherApplicationAPI\WeatherApplicationUI\app\Shared\global.js.map
C:\Users\drabi\Documents\GitHub\WeatherApplicationAPI\WeatherApplicationUI\app\Service\weather.service.js
C:\Users\drabi\Documents\GitHub\WeatherApplicationAPI\WeatherApplicationUI\app\Service\weather.service.js.map
C:\Users\drabi\Documents\GitHub\WeatherApplicationAPI\WeatherApplicationUI\app\Models\location.js
C:\Users\drabi\Documents\GitHub\WeatherApplicationAPI\WeatherApplicationUI\app\Models\location.js.map
C:\Users\drabi\Documents\GitHub\WeatherApplicationAPI\WeatherApplicationUI\app\Models\temperature.js
C:\Users\drabi\Documents\GitHub\WeatherApplicationAPI\WeatherApplicationUI\app\Models\temperature.js.map
C:\Users\drabi\Documents\GitHub\WeatherApplicationAPI\WeatherApplicationUI\app\Models\forecast-result.js
C:\Users\drabi\Documents\GitHub\WeatherApplicationAPI\WeatherApplicationUI\app\Models\forecast-result.js.map
C:\Users\drabi\Documents\GitHub\WeatherApplicationAPI\WeatherApplicationUI\app\components\weather-check.component.js
C:\Users\drabi\Documents\GitHub\WeatherApplicationAPI\WeatherApplicationUI\app\components\weather-check.component.js.map
C:\Users\drabi\Documents\GitHub\WeatherApplicationAPI\WeatherApplicationUI\app\components\weather-result.component.js
C:\Users\drabi\Documents\GitHub\WeatherApplicationAPI\WeatherApplicationUI\app\components\weather-result.component.js.map
C:\Users\drabi\Documents\GitHub\WeatherApplicationAPI\WeatherApplicationUI\app\app.routing.js
C:\Users\drabi\Documents\GitHub\WeatherApplicationAPI\WeatherApplicationUI\app\app.routing.js.map
C:\Users\drabi\Documents\GitHub\WeatherApplicationAPI\WeatherApplicationUI\app\app.module.js
C:\Users\drabi\Documents\GitHub\WeatherApplicationAPI\WeatherApplicationUI\app\app.module.js.map
C:\Users\drabi\Documents\GitHub\WeatherApplicationAPI\WeatherApplicationUI\app\main.js
C:\Users\drabi\Documents\GitHub\WeatherApplicationAPI\WeatherApplicationUI\app\main.js.map
C:\Users\drabi\Documents\GitHub\WeatherApplicationAPI\WeatherApplicationUI\app\app.component.js
C:\Users\drabi\Documents\GitHub\WeatherApplicationAPI\WeatherApplicationUI\app\app.component.js.map
C:\Users\drabi\Documents\GitHub\WeatherApplicationAPI\WeatherApplicationUI\app\Shared\global.js
C:\Users\drabi\Documents\GitHub\WeatherApplicationAPI\WeatherApplicationUI\app\Shared\global.js.map
C:\Users\drabi\Documents\GitHub\WeatherApplicationAPI\WeatherApplicationUI\app\Service\weather.service.js
C:\Users\drabi\Documents\GitHub\WeatherApplicationAPI\WeatherApplicationUI\app\Service\weather.service.js.map
C:\Users\drabi\Documents\GitHub\WeatherApplicationAPI\WeatherApplicationUI\app\Models\location.js
C:\Users\drabi\Documents\GitHub\WeatherApplicationAPI\WeatherApplicationUI\app\Models\location.js.map
C:\Users\drabi\Documents\GitHub\WeatherApplicationAPI\WeatherApplicationUI\app\Models\temperature.js
C:\Users\drabi\Documents\GitHub\WeatherApplicationAPI\WeatherApplicationUI\app\Models\temperature.js.map
C:\Users\drabi\Documents\GitHub\WeatherApplicationAPI\WeatherApplicationUI\app\Models\forecast-result.js
C:\Users\drabi\Documents\GitHub\WeatherApplicationAPI\WeatherApplicationUI\app\Models\forecast-result.js.map
C:\Users\drabi\Documents\GitHub\WeatherApplicationAPI\WeatherApplicationUI\app\components\weather-check.component.js
C:\Users\drabi\Documents\GitHub\WeatherApplicationAPI\WeatherApplicationUI\app\components\weather-check.component.js.map
C:\Users\drabi\Documents\GitHub\WeatherApplicationAPI\WeatherApplicationUI\app\components\weather-result.component.js
C:\Users\drabi\Documents\GitHub\WeatherApplicationAPI\WeatherApplicationUI\app\components\weather-result.component.js.map
C:\Users\drabi\Documents\GitHub\WeatherApplicationAPI\WeatherApplicationUI\app\app.routing.js
C:\Users\drabi\Documents\GitHub\WeatherApplicationAPI\WeatherApplicationUI\app\app.routing.js.map
C:\Users\drabi\Documents\GitHub\WeatherApplicationAPI\WeatherApplicationUI\app\app.module.js
C:\Users\drabi\Documents\GitHub\WeatherApplicationAPI\WeatherApplicationUI\app\app.module.js.map
C:\Users\drabi\Documents\GitHub\WeatherApplicationAPI\WeatherApplicationUI\app\main.js
C:\Users\drabi\Documents\GitHub\WeatherApplicationAPI\WeatherApplicationUI\app\main.js.map
C:\Users\drabi\Documents\GitHub\WeatherApplicationAPI\WeatherApplicationUI\app\app.component.js
C:\Users\drabi\Documents\GitHub\WeatherApplicationAPI\WeatherApplicationUI\app\app.component.js.map
C:\Users\drabi\Documents\GitHub\WeatherApplicationAPI\WeatherApplicationUI\app\Shared\global.js
C:\Users\drabi\Documents\GitHub\WeatherApplicationAPI\WeatherApplicationUI\app\Shared\global.js.map
C:\Users\drabi\Documents\GitHub\WeatherApplicationAPI\WeatherApplicationUI\app\Service\weather.service.js
C:\Users\drabi\Documents\GitHub\WeatherApplicationAPI\WeatherApplicationUI\app\Service\weather.service.js.map
C:\Users\drabi\Documents\GitHub\WeatherApplicationAPI\WeatherApplicationUI\app\Models\location.js
C:\Users\drabi\Documents\GitHub\WeatherApplicationAPI\WeatherApplicationUI\app\Models\location.js.map
C:\Users\drabi\Documents\GitHub\WeatherApplicationAPI\WeatherApplicationUI\app\Models\temperature.js
C:\Users\drabi\Documents\GitHub\WeatherApplicationAPI\WeatherApplicationUI\app\Models\temperature.js.map
C:\Users\drabi\Documents\GitHub\WeatherApplicationAPI\WeatherApplicationUI\app\Models\forecast-result.js
C:\Users\drabi\Documents\GitHub\WeatherApplicationAPI\WeatherApplicationUI\app\Models\forecast-result.js.map
C:\Users\drabi\Documents\GitHub\WeatherApplicationAPI\WeatherApplicationUI\app\components\weather-check.component.js
C:\Users\drabi\Documents\GitHub\WeatherApplicationAPI\WeatherApplicationUI\app\components\weather-check.component.js.map
C:\Users\drabi\Documents\GitHub\WeatherApplicationAPI\WeatherApplicationUI\app\components\weather-result.component.js
C:\Users\drabi\Documents\GitHub\WeatherApplicationAPI\WeatherApplicationUI\app\components\weather-result.component.js.map
C:\Users\drabi\Documents\GitHub\WeatherApplicationAPI\WeatherApplicationUI\app\app.routing.js
C:\Users\drabi\Documents\GitHub\WeatherApplicationAPI\WeatherApplicationUI\app\app.routing.js.map
C:\Users\drabi\Documents\GitHub\WeatherApplicationAPI\WeatherApplicationUI\app\app.module.js
C:\Users\drabi\Documents\GitHub\WeatherApplicationAPI\WeatherApplicationUI\app\app.module.js.map
C:\Users\drabi\Documents\GitHub\WeatherApplicationAPI\WeatherApplicationUI\app\main.js
C:\Users\drabi\Documents\GitHub\WeatherApplicationAPI\WeatherApplicationUI\app\main.js.map
C:\Users\drabi\Documents\GitHub\WeatherApplicationAPI\WeatherApplicationUI\app\app.component.js
C:\Users\drabi\Documents\GitHub\WeatherApplicationAPI\WeatherApplicationUI\app\app.component.js.map
C:\Users\drabi\Documents\GitHub\WeatherApplicationAPI\WeatherApplicationUI\app\Shared\global.js
C:\Users\drabi\Documents\GitHub\WeatherApplicationAPI\WeatherApplicationUI\app\Shared\global.js.map
C:\Users\drabi\Documents\GitHub\WeatherApplicationAPI\WeatherApplicationUI\app\Service\weather.service.js
C:\Users\drabi\Documents\GitHub\WeatherApplicationAPI\WeatherApplicationUI\app\Service\weather.service.js.map
C:\Users\drabi\Documents\GitHub\WeatherApplicationAPI\WeatherApplicationUI\app\Models\location.js
C:\Users\drabi\Documents\GitHub\WeatherApplicationAPI\WeatherApplicationUI\app\Models\location.js.map
C:\Users\drabi\Documents\GitHub\WeatherApplicationAPI\WeatherApplicationUI\app\Models\temperature.js
C:\Users\drabi\Documents\GitHub\WeatherApplicationAPI\WeatherApplicationUI\app\Models\temperature.js.map
C:\Users\drabi\Documents\GitHub\WeatherApplicationAPI\WeatherApplicationUI\app\Models\forecast-result.js
C:\Users\drabi\Documents\GitHub\WeatherApplicationAPI\WeatherApplicationUI\app\Models\forecast-result.js.map
C:\Users\drabi\Documents\GitHub\WeatherApplicationAPI\WeatherApplicationUI\app\components\weather-check.component.js
C:\Users\drabi\Documents\GitHub\WeatherApplicationAPI\WeatherApplicationUI\app\components\weather-check.component.js.map
C:\Users\drabi\Documents\GitHub\WeatherApplicationAPI\WeatherApplicationUI\app\components\weather-result.component.js
C:\Users\drabi\Documents\GitHub\WeatherApplicationAPI\WeatherApplicationUI\app\components\weather-result.component.js.map
C:\Users\drabi\Documents\GitHub\WeatherApplicationAPI\WeatherApplicationUI\app\app.routing.js
C:\Users\drabi\Documents\GitHub\WeatherApplicationAPI\WeatherApplicationUI\app\app.routing.js.map
C:\Users\drabi\Documents\GitHub\WeatherApplicationAPI\WeatherApplicationUI\app\app.module.js
C:\Users\drabi\Documents\GitHub\WeatherApplicationAPI\WeatherApplicationUI\app\app.module.js.map
C:\Users\drabi\Documents\GitHub\WeatherApplicationAPI\WeatherApplicationUI\app\main.js
C:\Users\drabi\Documents\GitHub\WeatherApplicationAPI\WeatherApplicationUI\app\main.js.map
C:\Users\drabi\Documents\GitHub\WeatherApplicationAPI\WeatherApplicationUI\app\app.component.js
C:\Users\drabi\Documents\GitHub\WeatherApplicationAPI\WeatherApplicationUI\app\app.component.js.map
C:\Users\drabi\Documents\GitHub\WeatherApplicationAPI\WeatherApplicationUI\app\Shared\global.js
C:\Users\drabi\Documents\GitHub\WeatherApplicationAPI\WeatherApplicationUI\app\Shared\global.js.map
C:\Users\drabi\Documents\GitHub\WeatherApplicationAPI\WeatherApplicationUI\app\Service\weather.service.js
C:\Users\drabi\Documents\GitHub\WeatherApplicationAPI\WeatherApplicationUI\app\Service\weather.service.js.map
C:\Users\drabi\Documents\GitHub\WeatherApplicationAPI\WeatherApplicationUI\app\Models\location.js
C:\Users\drabi\Documents\GitHub\WeatherApplicationAPI\WeatherApplicationUI\app\Models\location.js.map
C:\Users\drabi\Documents\GitHub\WeatherApplicationAPI\WeatherApplicationUI\app\Models\temperature.js
C:\Users\drabi\Documents\GitHub\WeatherApplicationAPI\WeatherApplicationUI\app\Models\temperature.js.map
C:\Users\drabi\Documents\GitHub\WeatherApplicationAPI\WeatherApplicationUI\app\Models\forecast-result.js
C:\Users\drabi\Documents\GitHub\WeatherApplicationAPI\WeatherApplicationUI\app\Models\forecast-result.js.map
C:\Users\drabi\Documents\GitHub\WeatherApplicationAPI\WeatherApplicationUI\app\components\weather-check.component.js
C:\Users\drabi\Documents\GitHub\WeatherApplicationAPI\WeatherApplicationUI\app\components\weather-check.component.js.map
C:\Users\drabi\Documents\GitHub\WeatherApplicationAPI\WeatherApplicationUI\app\components\weather-result.component.js
C:\Users\drabi\Documents\GitHub\WeatherApplicationAPI\WeatherApplicationUI\app\components\weather-result.component.js.map
C:\Users\drabi\Documents\GitHub\WeatherApplicationAPI\WeatherApplicationUI\app\app.routing.js
C:\Users\drabi\Documents\GitHub\WeatherApplicationAPI\WeatherApplicationUI\app\app.routing.js.map
C:\Users\drabi\Documents\GitHub\WeatherApplicationAPI\WeatherApplicationUI\app\app.module.js
C:\Users\drabi\Documents\GitHub\WeatherApplicationAPI\WeatherApplicationUI\app\app.module.js.map
C:\Users\drabi\Documents\GitHub\WeatherApplicationAPI\WeatherApplicationUI\app\main.js
C:\Users\drabi\Documents\GitHub\WeatherApplicationAPI\WeatherApplicationUI\app\main.js.map
C:\Users\drabi\Documents\GitHub\WeatherApplicationAPI\WeatherApplicationUI\app\app.component.js
C:\Users\drabi\Documents\GitHub\WeatherApplicationAPI\WeatherApplicationUI\app\app.component.js.map
C:\Users\drabi\Documents\GitHub\WeatherApplicationAPI\WeatherApplicationUI\app\Shared\global.js
C:\Users\drabi\Documents\GitHub\WeatherApplicationAPI\WeatherApplicationUI\app\Shared\global.js.map
C:\Users\drabi\Documents\GitHub\WeatherApplicationAPI\WeatherApplicationUI\app\Service\weather.service.js
C:\Users\drabi\Documents\GitHub\WeatherApplicationAPI\WeatherApplicationUI\app\Service\weather.service.js.map
C:\Users\drabi\Documents\GitHub\WeatherApplicationAPI\WeatherApplicationUI\app\Models\location.js
C:\Users\drabi\Documents\GitHub\WeatherApplicationAPI\WeatherApplicationUI\app\Models\location.js.map
C:\Users\drabi\Documents\GitHub\WeatherApplicationAPI\WeatherApplicationUI\app\Models\temperature.js
C:\Users\drabi\Documents\GitHub\WeatherApplicationAPI\WeatherApplicationUI\app\Models\temperature.js.map
C:\Users\drabi\Documents\GitHub\WeatherApplicationAPI\WeatherApplicationUI\app\Models\forecast-result.js
C:\Users\drabi\Documents\GitHub\WeatherApplicationAPI\WeatherApplicationUI\app\Models\forecast-result.js.map
C:\Users\drabi\Documents\GitHub\WeatherApplicationAPI\WeatherApplicationUI\app\components\weather-check.component.js
C:\Users\drabi\Documents\GitHub\WeatherApplicationAPI\WeatherApplicationUI\app\components\weather-check.component.js.map
C:\Users\drabi\Documents\GitHub\WeatherApplicationAPI\WeatherApplicationUI\app\components\weather-result.component.js
C:\Users\drabi\Documents\GitHub\WeatherApplicationAPI\WeatherApplicationUI\app\components\weather-result.component.js.map
C:\Users\drabi\Documents\GitHub\WeatherApplicationAPI\WeatherApplicationUI\app\app.routing.js
C:\Users\drabi\Documents\GitHub\WeatherApplicationAPI\WeatherApplicationUI\app\app.routing.js.map
C:\Users\drabi\Documents\GitHub\WeatherApplicationAPI\WeatherApplicationUI\app\app.module.js
C:\Users\drabi\Documents\GitHub\WeatherApplicationAPI\WeatherApplicationUI\app\app.module.js.map
C:\Users\drabi\Documents\GitHub\WeatherApplicationAPI\WeatherApplicationUI\app\main.js
C:\Users\drabi\Documents\GitHub\WeatherApplicationAPI\WeatherApplicationUI\app\main.js.map
C:\Users\drabi\Documents\GitHub\WeatherApplicationAPI\WeatherApplicationUI\app\app.component.js
C:\Users\drabi\Documents\GitHub\WeatherApplicationAPI\WeatherApplicationUI\app\app.component.js.map
C:\Users\drabi\Documents\GitHub\WeatherApplicationAPI\WeatherApplicationUI\app\Shared\global.js
C:\Users\drabi\Documents\GitHub\WeatherApplicationAPI\WeatherApplicationUI\app\Shared\global.js.map
C:\Users\drabi\Documents\GitHub\WeatherApplicationAPI\WeatherApplicationUI\app\Service\weather.service.js
C:\Users\drabi\Documents\GitHub\WeatherApplicationAPI\WeatherApplicationUI\app\Service\weather.service.js.map
C:\Users\drabi\Documents\GitHub\WeatherApplicationAPI\WeatherApplicationUI\app\Models\location.js
C:\Users\drabi\Documents\GitHub\WeatherApplicationAPI\WeatherApplicationUI\app\Models\location.js.map
C:\Users\drabi\Documents\GitHub\WeatherApplicationAPI\WeatherApplicationUI\app\Models\temperature.js
C:\Users\drabi\Documents\GitHub\WeatherApplicationAPI\WeatherApplicationUI\app\Models\temperature.js.map
C:\Users\drabi\Documents\GitHub\WeatherApplicationAPI\WeatherApplicationUI\app\Models\forecast-result.js
C:\Users\drabi\Documents\GitHub\WeatherApplicationAPI\WeatherApplicationUI\app\Models\forecast-result.js.map
C:\Users\drabi\Documents\GitHub\WeatherApplicationAPI\WeatherApplicationUI\app\components\weather-check.component.js
C:\Users\drabi\Documents\GitHub\WeatherApplicationAPI\WeatherApplicationUI\app\components\weather-check.component.js.map
C:\Users\drabi\Documents\GitHub\WeatherApplicationAPI\WeatherApplicationUI\app\components\weather-result.component.js
C:\Users\drabi\Documents\GitHub\WeatherApplicationAPI\WeatherApplicationUI\app\components\weather-result.component.js.map
C:\Users\drabi\Documents\GitHub\WeatherApplicationAPI\WeatherApplicationUI\app\app.routing.js
C:\Users\drabi\Documents\GitHub\WeatherApplicationAPI\WeatherApplicationUI\app\app.routing.js.map
C:\Users\drabi\Documents\GitHub\WeatherApplicationAPI\WeatherApplicationUI\app\app.module.js
C:\Users\drabi\Documents\GitHub\WeatherApplicationAPI\WeatherApplicationUI\app\app.module.js.map
C:\Users\drabi\Documents\GitHub\WeatherApplicationAPI\WeatherApplicationUI\app\main.js
C:\Users\drabi\Documents\GitHub\WeatherApplicationAPI\WeatherApplicationUI\app\main.js.map
C:\Users\drabi\Documents\GitHub\WeatherApplicationAPI\WeatherApplicationUI\app\app.component.js
C:\Users\drabi\Documents\GitHub\WeatherApplicationAPI\WeatherApplicationUI\app\app.component.js.map
C:\Users\drabi\Documents\GitHub\WeatherApplicationAPI\WeatherApplicationUI\app\Shared\global.js
C:\Users\drabi\Documents\GitHub\WeatherApplicationAPI\WeatherApplicationUI\app\Shared\global.js.map
C:\Users\drabi\Documents\GitHub\WeatherApplicationAPI\WeatherApplicationUI\app\Service\weather.service.js
C:\Users\drabi\Documents\GitHub\WeatherApplicationAPI\WeatherApplicationUI\app\Service\weather.service.js.map
C:\Users\drabi\Documents\GitHub\WeatherApplicationAPI\WeatherApplicationUI\app\Models\location.js
C:\Users\drabi\Documents\GitHub\WeatherApplicationAPI\WeatherApplicationUI\app\Models\location.js.map
C:\Users\drabi\Documents\GitHub\WeatherApplicationAPI\WeatherApplicationUI\app\Models\temperature.js
C:\Users\drabi\Documents\GitHub\WeatherApplicationAPI\WeatherApplicationUI\app\Models\temperature.js.map
C:\Users\drabi\Documents\GitHub\WeatherApplicationAPI\WeatherApplicationUI\app\Models\forecast-result.js
C:\Users\drabi\Documents\GitHub\WeatherApplicationAPI\WeatherApplicationUI\app\Models\forecast-result.js.map
C:\Users\drabi\Documents\GitHub\WeatherApplicationAPI\WeatherApplicationUI\app\components\weather-check.component.js
C:\Users\drabi\Documents\GitHub\WeatherApplicationAPI\WeatherApplicationUI\app\components\weather-check.component.js.map
C:\Users\drabi\Documents\GitHub\WeatherApplicationAPI\WeatherApplicationUI\app\components\weather-result.component.js
C:\Users\drabi\Documents\GitHub\WeatherApplicationAPI\WeatherApplicationUI\app\components\weather-result.component.js.map
C:\Users\drabi\Documents\GitHub\WeatherApplicationAPI\WeatherApplicationUI\app\app.routing.js
C:\Users\drabi\Documents\GitHub\WeatherApplicationAPI\WeatherApplicationUI\app\app.routing.js.map
C:\Users\drabi\Documents\GitHub\WeatherApplicationAPI\WeatherApplicationUI\app\app.module.js
C:\Users\drabi\Documents\GitHub\WeatherApplicationAPI\WeatherApplicationUI\app\app.module.js.map
C:\Users\drabi\Documents\GitHub\WeatherApplicationAPI\WeatherApplicationUI\app\main.js
C:\Users\drabi\Documents\GitHub\WeatherApplicationAPI\WeatherApplicationUI\app\main.js.map
C:\Users\drabi\Documents\GitHub\WeatherApplicationAPI\WeatherApplicationUI\app\app.component.js
C:\Users\drabi\Documents\GitHub\WeatherApplicationAPI\WeatherApplicationUI\app\app.component.js.map
C:\Users\drabi\Documents\GitHub\WeatherApplicationAPI\WeatherApplicationUI\app\Shared\global.js
C:\Users\drabi\Documents\GitHub\WeatherApplicationAPI\WeatherApplicationUI\app\Shared\global.js.map
C:\Users\drabi\Documents\GitHub\WeatherApplicationAPI\WeatherApplicationUI\app\Service\weather.service.js
C:\Users\drabi\Documents\GitHub\WeatherApplicationAPI\WeatherApplicationUI\app\Service\weather.service.js.map
C:\Users\drabi\Documents\GitHub\WeatherApplicationAPI\WeatherApplicationUI\app\Models\location.js
C:\Users\drabi\Documents\GitHub\WeatherApplicationAPI\WeatherApplicationUI\app\Models\location.js.map
C:\Users\drabi\Documents\GitHub\WeatherApplicationAPI\WeatherApplicationUI\app\Models\temperature.js
C:\Users\drabi\Documents\GitHub\WeatherApplicationAPI\WeatherApplicationUI\app\Models\temperature.js.map
C:\Users\drabi\Documents\GitHub\WeatherApplicationAPI\WeatherApplicationUI\app\Models\forecast-result.js
C:\Users\drabi\Documents\GitHub\WeatherApplicationAPI\WeatherApplicationUI\app\Models\forecast-result.js.map
C:\Users\drabi\Documents\GitHub\WeatherApplicationAPI\WeatherApplicationUI\app\components\weather-check.component.js
C:\Users\drabi\Documents\GitHub\WeatherApplicationAPI\WeatherApplicationUI\app\components\weather-check.component.js.map
C:\Users\drabi\Documents\GitHub\WeatherApplicationAPI\WeatherApplicationUI\app\components\weather-result.component.js
C:\Users\drabi\Documents\GitHub\WeatherApplicationAPI\WeatherApplicationUI\app\components\weather-result.component.js.map
C:\Users\drabi\Documents\GitHub\WeatherApplicationAPI\WeatherApplicationUI\app\app.routing.js
C:\Users\drabi\Documents\GitHub\WeatherApplicationAPI\WeatherApplicationUI\app\app.routing.js.map
C:\Users\drabi\Documents\GitHub\WeatherApplicationAPI\WeatherApplicationUI\app\app.module.js
C:\Users\drabi\Documents\GitHub\WeatherApplicationAPI\WeatherApplicationUI\app\app.module.js.map
C:\Users\drabi\Documents\GitHub\WeatherApplicationAPI\WeatherApplicationUI\app\main.js
C:\Users\drabi\Documents\GitHub\WeatherApplicationAPI\WeatherApplicationUI\app\main.js.map
C:\Users\drabi\Documents\GitHub\WeatherApplicationAPI\WeatherApplicationUI\app\app.component.js
C:\Users\drabi\Documents\GitHub\WeatherApplicationAPI\WeatherApplicationUI\app\app.component.js.map
C:\Users\drabi\Documents\GitHub\WeatherApplicationAPI\WeatherApplicationUI\app\Shared\global.js
C:\Users\drabi\Documents\GitHub\WeatherApplicationAPI\WeatherApplicationUI\app\Shared\global.js.map
C:\Users\drabi\Documents\GitHub\WeatherApplicationAPI\WeatherApplicationUI\app\Service\weather.service.js
C:\Users\drabi\Documents\GitHub\WeatherApplicationAPI\WeatherApplicationUI\app\Service\weather.service.js.map
C:\Users\drabi\Documents\GitHub\WeatherApplicationAPI\WeatherApplicationUI\app\Models\location.js
C:\Users\drabi\Documents\GitHub\WeatherApplicationAPI\WeatherApplicationUI\app\Models\location.js.map
C:\Users\drabi\Documents\GitHub\WeatherApplicationAPI\WeatherApplicationUI\app\Models\temperature.js
C:\Users\drabi\Documents\GitHub\WeatherApplicationAPI\WeatherApplicationUI\app\Models\temperature.js.map
C:\Users\drabi\Documents\GitHub\WeatherApplicationAPI\WeatherApplicationUI\app\Models\forecast-result.js
C:\Users\drabi\Documents\GitHub\WeatherApplicationAPI\WeatherApplicationUI\app\Models\forecast-result.js.map
C:\Users\drabi\Documents\GitHub\WeatherApplicationAPI\WeatherApplicationUI\app\components\weather-check.component.js
C:\Users\drabi\Documents\GitHub\WeatherApplicationAPI\WeatherApplicationUI\app\components\weather-check.component.js.map
C:\Users\drabi\Documents\GitHub\WeatherApplicationAPI\WeatherApplicationUI\app\components\weather-result.component.js
C:\Users\drabi\Documents\GitHub\WeatherApplicationAPI\WeatherApplicationUI\app\components\weather-result.component.js.map
C:\Users\drabi\Documents\GitHub\WeatherApplicationAPI\WeatherApplicationUI\app\app.routing.js
C:\Users\drabi\Documents\GitHub\WeatherApplicationAPI\WeatherApplicationUI\app\app.routing.js.map
C:\Users\drabi\Documents\GitHub\WeatherApplicationAPI\WeatherApplicationUI\app\app.module.js
C:\Users\drabi\Documents\GitHub\WeatherApplicationAPI\WeatherApplicationUI\app\app.module.js.map
C:\Users\drabi\Documents\GitHub\WeatherApplicationAPI\WeatherApplicationUI\app\main.js
C:\Users\drabi\Documents\GitHub\WeatherApplicationAPI\WeatherApplicationUI\app\main.js.map
C:\Users\drabi\Documents\GitHub\WeatherApplicationAPI\WeatherApplicationUI\app\app.component.js
C:\Users\drabi\Documents\GitHub\WeatherApplicationAPI\WeatherApplicationUI\app\app.component.js.map
C:\Users\drabi\Documents\GitHub\WeatherApplicationAPI\WeatherApplicationUI\app\Shared\global.js
C:\Users\drabi\Documents\GitHub\WeatherApplicationAPI\WeatherApplicationUI\app\Shared\global.js.map
C:\Users\drabi\Documents\GitHub\WeatherApplicationAPI\WeatherApplicationUI\app\Service\weather.service.js
C:\Users\drabi\Documents\GitHub\WeatherApplicationAPI\WeatherApplicationUI\app\Service\weather.service.js.map
C:\Users\drabi\Documents\GitHub\WeatherApplicationAPI\WeatherApplicationUI\app\Models\location.js
C:\Users\drabi\Documents\GitHub\WeatherApplicationAPI\WeatherApplicationUI\app\Models\location.js.map
C:\Users\drabi\Documents\GitHub\WeatherApplicationAPI\WeatherApplicationUI\app\Models\temperature.js
C:\Users\drabi\Documents\GitHub\WeatherApplicationAPI\WeatherApplicationUI\app\Models\temperature.js.map
C:\Users\drabi\Documents\GitHub\WeatherApplicationAPI\WeatherApplicationUI\app\Models\forecast-result.js
C:\Users\drabi\Documents\GitHub\WeatherApplicationAPI\WeatherApplicationUI\app\Models\forecast-result.js.map
C:\Users\drabi\Documents\GitHub\WeatherApplicationAPI\WeatherApplicationUI\app\components\weather-check.component.js
C:\Users\drabi\Documents\GitHub\WeatherApplicationAPI\WeatherApplicationUI\app\components\weather-check.component.js.map
C:\Users\drabi\Documents\GitHub\WeatherApplicationAPI\WeatherApplicationUI\app\components\weather-result.component.js
C:\Users\drabi\Documents\GitHub\WeatherApplicationAPI\WeatherApplicationUI\app\components\weather-result.component.js.map
C:\Users\drabi\Documents\GitHub\WeatherApplicationAPI\WeatherApplicationUI\app\app.routing.js
C:\Users\drabi\Documents\GitHub\WeatherApplicationAPI\WeatherApplicationUI\app\app.routing.js.map
C:\Users\drabi\Documents\GitHub\WeatherApplicationAPI\WeatherApplicationUI\app\app.module.js
C:\Users\drabi\Documents\GitHub\WeatherApplicationAPI\WeatherApplicationUI\app\app.module.js.map
C:\Users\drabi\Documents\GitHub\WeatherApplicationAPI\WeatherApplicationUI\app\main.js
C:\Users\drabi\Documents\GitHub\WeatherApplicationAPI\WeatherApplicationUI\app\main.js.map
C:\Users\drabi\Documents\GitHub\WeatherApplicationAPI\WeatherApplicationUI\app\app.component.js
C:\Users\drabi\Documents\GitHub\WeatherApplicationAPI\WeatherApplicationUI\app\app.component.js.map
C:\Users\drabi\Documents\GitHub\WeatherApplicationAPI\WeatherApplicationUI\app\Shared\global.js
C:\Users\drabi\Documents\GitHub\WeatherApplicationAPI\WeatherApplicationUI\app\Shared\global.js.map
C:\Users\drabi\Documents\GitHub\WeatherApplicationAPI\WeatherApplicationUI\app\Service\weather.service.js
C:\Users\drabi\Documents\GitHub\WeatherApplicationAPI\WeatherApplicationUI\app\Service\weather.service.js.map
C:\Users\drabi\Documents\GitHub\WeatherApplicationAPI\WeatherApplicationUI\app\Models\location.js
C:\Users\drabi\Documents\GitHub\WeatherApplicationAPI\WeatherApplicationUI\app\Models\location.js.map
C:\Users\drabi\Documents\GitHub\WeatherApplicationAPI\WeatherApplicationUI\app\Models\temperature.js
C:\Users\drabi\Documents\GitHub\WeatherApplicationAPI\WeatherApplicationUI\app\Models\temperature.js.map
C:\Users\drabi\Documents\GitHub\WeatherApplicationAPI\WeatherApplicationUI\app\Models\forecast-result.js
C:\Users\drabi\Documents\GitHub\WeatherApplicationAPI\WeatherApplicationUI\app\Models\forecast-result.js.map
C:\Users\drabi\Documents\GitHub\WeatherApplicationAPI\WeatherApplicationUI\app\components\weather-check.component.js
C:\Users\drabi\Documents\GitHub\WeatherApplicationAPI\WeatherApplicationUI\app\components\weather-check.component.js.map
C:\Users\drabi\Documents\GitHub\WeatherApplicationAPI\WeatherApplicationUI\app\components\weather-result.component.js
C:\Users\drabi\Documents\GitHub\WeatherApplicationAPI\WeatherApplicationUI\app\components\weather-result.component.js.map
C:\Users\drabi\Documents\GitHub\WeatherApplicationAPI\WeatherApplicationUI\app\app.routing.js
C:\Users\drabi\Documents\GitHub\WeatherApplicationAPI\WeatherApplicationUI\app\app.routing.js.map
C:\Users\drabi\Documents\GitHub\WeatherApplicationAPI\WeatherApplicationUI\app\app.module.js
C:\Users\drabi\Documents\GitHub\WeatherApplicationAPI\WeatherApplicationUI\app\app.module.js.map
C:\Users\drabi\Documents\GitHub\WeatherApplicationAPI\WeatherApplicationUI\app\main.js
C:\Users\drabi\Documents\GitHub\WeatherApplicationAPI\WeatherApplicationUI\app\main.js.map
C:\Users\drabi\Documents\GitHub\WeatherApplicationAPI\WeatherApplicationUI\app\app.component.js
C:\Users\drabi\Documents\GitHub\WeatherApplicationAPI\WeatherApplicationUI\app\app.component.js.map
C:\Users\drabi\Documents\GitHub\WeatherApplicationAPI\WeatherApplicationUI\app\Shared\global.js
C:\Users\drabi\Documents\GitHub\WeatherApplicationAPI\WeatherApplicationUI\app\Shared\global.js.map
C:\Users\drabi\Documents\GitHub\WeatherApplicationAPI\WeatherApplicationUI\app\Service\weather.service.js
C:\Users\drabi\Documents\GitHub\WeatherApplicationAPI\WeatherApplicationUI\app\Service\weather.service.js.map
C:\Users\drabi\Documents\GitHub\WeatherApplicationAPI\WeatherApplicationUI\app\Models\location.js
C:\Users\drabi\Documents\GitHub\WeatherApplicationAPI\WeatherApplicationUI\app\Models\location.js.map
C:\Users\drabi\Documents\GitHub\WeatherApplicationAPI\WeatherApplicationUI\app\Models\temperature.js
C:\Users\drabi\Documents\GitHub\WeatherApplicationAPI\WeatherApplicationUI\app\Models\temperature.js.map
C:\Users\drabi\Documents\GitHub\WeatherApplicationAPI\WeatherApplicationUI\app\Models\forecast-result.js
C:\Users\drabi\Documents\GitHub\WeatherApplicationAPI\WeatherApplicationUI\app\Models\forecast-result.js.map
C:\Users\drabi\Documents\GitHub\WeatherApplicationAPI\WeatherApplicationUI\app\components\weather-check.component.js
C:\Users\drabi\Documents\GitHub\WeatherApplicationAPI\WeatherApplicationUI\app\components\weather-check.component.js.map
C:\Users\drabi\Documents\GitHub\WeatherApplicationAPI\WeatherApplicationUI\app\components\weather-result.component.js
C:\Users\drabi\Documents\GitHub\WeatherApplicationAPI\WeatherApplicationUI\app\components\weather-result.component.js.map
C:\Users\drabi\Documents\GitHub\WeatherApplicationAPI\WeatherApplicationUI\app\app.routing.js
C:\Users\drabi\Documents\GitHub\WeatherApplicationAPI\WeatherApplicationUI\app\app.routing.js.map
C:\Users\drabi\Documents\GitHub\WeatherApplicationAPI\WeatherApplicationUI\app\app.module.js
C:\Users\drabi\Documents\GitHub\WeatherApplicationAPI\WeatherApplicationUI\app\app.module.js.map
C:\Users\drabi\Documents\GitHub\WeatherApplicationAPI\WeatherApplicationUI\app\main.js
C:\Users\drabi\Documents\GitHub\WeatherApplicationAPI\WeatherApplicationUI\app\main.js.map
C:\Users\drabi\Documents\GitHub\WeatherApplicationAPI\WeatherApplicationUI\app\app.component.js
C:\Users\drabi\Documents\GitHub\WeatherApplicationAPI\WeatherApplicationUI\app\app.component.js.map
C:\Users\drabi\Documents\GitHub\WeatherApplicationAPI\WeatherApplicationUI\app\Shared\global.js
C:\Users\drabi\Documents\GitHub\WeatherApplicationAPI\WeatherApplicationUI\app\Shared\global.js.map
C:\Users\drabi\Documents\GitHub\WeatherApplicationAPI\WeatherApplicationUI\app\Service\weather.service.js
C:\Users\drabi\Documents\GitHub\WeatherApplicationAPI\WeatherApplicationUI\app\Service\weather.service.js.map
C:\Users\drabi\Documents\GitHub\WeatherApplicationAPI\WeatherApplicationUI\app\Models\location.js
C:\Users\drabi\Documents\GitHub\WeatherApplicationAPI\WeatherApplicationUI\app\Models\location.js.map
C:\Users\drabi\Documents\GitHub\WeatherApplicationAPI\WeatherApplicationUI\app\Models\temperature.js
C:\Users\drabi\Documents\GitHub\WeatherApplicationAPI\WeatherApplicationUI\app\Models\temperature.js.map
C:\Users\drabi\Documents\GitHub\WeatherApplicationAPI\WeatherApplicationUI\app\Models\forecast-result.js
C:\Users\drabi\Documents\GitHub\WeatherApplicationAPI\WeatherApplicationUI\app\Models\forecast-result.js.map
C:\Users\drabi\Documents\GitHub\WeatherApplicationAPI\WeatherApplicationUI\app\components\weather-check.component.js
C:\Users\drabi\Documents\GitHub\WeatherApplicationAPI\WeatherApplicationUI\app\components\weather-check.component.js.map
C:\Users\drabi\Documents\GitHub\WeatherApplicationAPI\WeatherApplicationUI\app\components\weather-result.component.js
C:\Users\drabi\Documents\GitHub\WeatherApplicationAPI\WeatherApplicationUI\app\components\weather-result.component.js.map
C:\Users\drabi\Documents\GitHub\WeatherApplicationAPI\WeatherApplicationUI\app\app.routing.js
C:\Users\drabi\Documents\GitHub\WeatherApplicationAPI\WeatherApplicationUI\app\app.routing.js.map
C:\Users\drabi\Documents\GitHub\WeatherApplicationAPI\WeatherApplicationUI\app\app.module.js
C:\Users\drabi\Documents\GitHub\WeatherApplicationAPI\WeatherApplicationUI\app\app.module.js.map
C:\Users\drabi\Documents\GitHub\WeatherApplicationAPI\WeatherApplicationUI\app\main.js
C:\Users\drabi\Documents\GitHub\WeatherApplicationAPI\WeatherApplicationUI\app\main.js.map
C:\Users\drabi\Documents\GitHub\WeatherApplicationAPI\WeatherApplicationUI\app\app.component.js
C:\Users\drabi\Documents\GitHub\WeatherApplicationAPI\WeatherApplicationUI\app\app.component.js.map
C:\Users\drabi\Documents\GitHub\WeatherApplicationAPI\WeatherApplicationUI\app\Shared\global.js
C:\Users\drabi\Documents\GitHub\WeatherApplicationAPI\WeatherApplicationUI\app\Shared\global.js.map
C:\Users\drabi\Documents\GitHub\WeatherApplicationAPI\WeatherApplicationUI\app\Service\weather.service.js
C:\Users\drabi\Documents\GitHub\WeatherApplicationAPI\WeatherApplicationUI\app\Service\weather.service.js.map
C:\Users\drabi\Documents\GitHub\WeatherApplicationAPI\WeatherApplicationUI\app\Models\location.js
C:\Users\drabi\Documents\GitHub\WeatherApplicationAPI\WeatherApplicationUI\app\Models\location.js.map
C:\Users\drabi\Documents\GitHub\WeatherApplicationAPI\WeatherApplicationUI\app\Models\temperature.js
C:\Users\drabi\Documents\GitHub\WeatherApplicationAPI\WeatherApplicationUI\app\Models\temperature.js.map
C:\Users\drabi\Documents\GitHub\WeatherApplicationAPI\WeatherApplicationUI\app\Models\forecast-result.js
C:\Users\drabi\Documents\GitHub\WeatherApplicationAPI\WeatherApplicationUI\app\Models\forecast-result.js.map
C:\Users\drabi\Documents\GitHub\WeatherApplicationAPI\WeatherApplicationUI\app\components\weather-check.component.js
C:\Users\drabi\Documents\GitHub\WeatherApplicationAPI\WeatherApplicationUI\app\components\weather-check.component.js.map
C:\Users\drabi\Documents\GitHub\WeatherApplicationAPI\WeatherApplicationUI\app\components\weather-result.component.js
C:\Users\drabi\Documents\GitHub\WeatherApplicationAPI\WeatherApplicationUI\app\components\weather-result.component.js.map
C:\Users\drabi\Documents\GitHub\WeatherApplicationAPI\WeatherApplicationUI\app\app.routing.js
C:\Users\drabi\Documents\GitHub\WeatherApplicationAPI\WeatherApplicationUI\app\app.routing.js.map
C:\Users\drabi\Documents\GitHub\WeatherApplicationAPI\WeatherApplicationUI\app\app.module.js
C:\Users\drabi\Documents\GitHub\WeatherApplicationAPI\WeatherApplicationUI\app\app.module.js.map
C:\Users\drabi\Documents\GitHub\WeatherApplicationAPI\WeatherApplicationUI\app\main.js
C:\Users\drabi\Documents\GitHub\WeatherApplicationAPI\WeatherApplicationUI\app\main.js.map
C:\Users\drabi\Documents\GitHub\WeatherApplicationAPI\WeatherApplicationUI\app\app.component.js
C:\Users\drabi\Documents\GitHub\WeatherApplicationAPI\WeatherApplicationUI\app\app.component.js.map
C:\Users\drabi\Documents\GitHub\WeatherApplicationAPI\WeatherApplicationUI\app\Shared\global.js
C:\Users\drabi\Documents\GitHub\WeatherApplicationAPI\WeatherApplicationUI\app\Shared\global.js.map
C:\Users\drabi\Documents\GitHub\WeatherApplicationAPI\WeatherApplicationUI\app\Service\weather.service.js
C:\Users\drabi\Documents\GitHub\WeatherApplicationAPI\WeatherApplicationUI\app\Service\weather.service.js.map
C:\Users\drabi\Documents\GitHub\WeatherApplicationAPI\WeatherApplicationUI\app\Models\location.js
C:\Users\drabi\Documents\GitHub\WeatherApplicationAPI\WeatherApplicationUI\app\Models\location.js.map
C:\Users\drabi\Documents\GitHub\WeatherApplicationAPI\WeatherApplicationUI\app\Models\temperature.js
C:\Users\drabi\Documents\GitHub\WeatherApplicationAPI\WeatherApplicationUI\app\Models\temperature.js.map
C:\Users\drabi\Documents\GitHub\WeatherApplicationAPI\WeatherApplicationUI\app\Models\forecast-result.js
C:\Users\drabi\Documents\GitHub\WeatherApplicationAPI\WeatherApplicationUI\app\Models\forecast-result.js.map
C:\Users\drabi\Documents\GitHub\WeatherApplicationAPI\WeatherApplicationUI\app\components\weather-check.component.js
C:\Users\drabi\Documents\GitHub\WeatherApplicationAPI\WeatherApplicationUI\app\components\weather-check.component.js.map
C:\Users\drabi\Documents\GitHub\WeatherApplicationAPI\WeatherApplicationUI\app\components\weather-result.component.js
C:\Users\drabi\Documents\GitHub\WeatherApplicationAPI\WeatherApplicationUI\app\components\weather-result.component.js.map
C:\Users\drabi\Documents\GitHub\WeatherApplicationAPI\WeatherApplicationUI\app\app.routing.js
C:\Users\drabi\Documents\GitHub\WeatherApplicationAPI\WeatherApplicationUI\app\app.routing.js.map
C:\Users\drabi\Documents\GitHub\WeatherApplicationAPI\WeatherApplicationUI\app\app.module.js
C:\Users\drabi\Documents\GitHub\WeatherApplicationAPI\WeatherApplicationUI\app\app.module.js.map
C:\Users\drabi\Documents\GitHub\WeatherApplicationAPI\WeatherApplicationUI\app\main.js
C:\Users\drabi\Documents\GitHub\WeatherApplicationAPI\WeatherApplicationUI\app\main.js.map
C:\Users\drabi\Documents\GitHub\WeatherApplicationAPI\WeatherApplicationUI\app\app.component.js
C:\Users\drabi\Documents\GitHub\WeatherApplicationAPI\WeatherApplicationUI\app\app.component.js.map
C:\Users\drabi\Documents\GitHub\WeatherApplicationAPI\WeatherApplicationUI\app\Shared\global.js
C:\Users\drabi\Documents\GitHub\WeatherApplicationAPI\WeatherApplicationUI\app\Shared\global.js.map
C:\Users\drabi\Documents\GitHub\WeatherApplicationAPI\WeatherApplicationUI\app\Service\weather.service.js
C:\Users\drabi\Documents\GitHub\WeatherApplicationAPI\WeatherApplicationUI\app\Service\weather.service.js.map
C:\Users\drabi\Documents\GitHub\WeatherApplicationAPI\WeatherApplicationUI\app\Models\location.js
C:\Users\drabi\Documents\GitHub\WeatherApplicationAPI\WeatherApplicationUI\app\Models\location.js.map
C:\Users\drabi\Documents\GitHub\WeatherApplicationAPI\WeatherApplicationUI\app\Models\temperature.js
C:\Users\drabi\Documents\GitHub\WeatherApplicationAPI\WeatherApplicationUI\app\Models\temperature.js.map
C:\Users\drabi\Documents\GitHub\WeatherApplicationAPI\WeatherApplicationUI\app\Models\forecast-result.js
C:\Users\drabi\Documents\GitHub\WeatherApplicationAPI\WeatherApplicationUI\app\Models\forecast-result.js.map
C:\Users\drabi\Documents\GitHub\WeatherApplicationAPI\WeatherApplicationUI\app\components\weather-check.component.js
C:\Users\drabi\Documents\GitHub\WeatherApplicationAPI\WeatherApplicationUI\app\components\weather-check.component.js.map
C:\Users\drabi\Documents\GitHub\WeatherApplicationAPI\WeatherApplicationUI\app\components\weather-result.component.js
C:\Users\drabi\Documents\GitHub\WeatherApplicationAPI\WeatherApplicationUI\app\components\weather-result.component.js.map
C:\Users\drabi\Documents\GitHub\WeatherApplicationAPI\WeatherApplicationUI\app\app.routing.js
C:\Users\drabi\Documents\GitHub\WeatherApplicationAPI\WeatherApplicationUI\app\app.routing.js.map
C:\Users\drabi\Documents\GitHub\WeatherApplicationAPI\WeatherApplicationUI\app\app.module.js
C:\Users\drabi\Documents\GitHub\WeatherApplicationAPI\WeatherApplicationUI\app\app.module.js.map
C:\Users\drabi\Documents\GitHub\WeatherApplicationAPI\WeatherApplicationUI\app\main.js
C:\Users\drabi\Documents\GitHub\WeatherApplicationAPI\WeatherApplicationUI\app\main.js.map
